Sat 25 Nov 2023 12:31:24 INFO  
General Hyper Parameters:
gpu_id = 0
use_gpu = True
seed = 2020
state = INFO
reproducibility = True
data_path = dataset/yelp1
checkpoint_dir = saved
show_progress = True
save_dataset = False
dataset_save_path = None
save_dataloaders = False
dataloaders_save_path = None
log_wandb = False

Training Hyper Parameters:
epochs = 300
train_batch_size = 2048
learner = adam
learning_rate = 0.001
train_neg_sample_args = {'distribution': 'uniform', 'sample_num': 1, 'alpha': 1.0, 'dynamic': False, 'candidate_num': 0}
eval_step = 1
stopping_step = 10
clip_grad_norm = None
weight_decay = 0.0
loss_decimal_place = 4

Evaluation Hyper Parameters:
eval_args = {'split': {'RS': [0.8, 0.1, 0.1]}, 'group_by': 'user', 'order': 'RO', 'mode': 'full'}
repeatable = False
metrics = ['Recall', 'MRR', 'NDCG', 'Hit', 'Precision']
topk = [10]
valid_metric = MRR@10
valid_metric_bigger = True
eval_batch_size = 4096
metric_decimal_place = 4

Dataset Hyper Parameters:
field_separator = 	
seq_separator =  
USER_ID_FIELD = user_id
ITEM_ID_FIELD = item_id
RATING_FIELD = rating
TIME_FIELD = timestamp
seq_len = None
LABEL_FIELD = label
threshold = None
NEG_PREFIX = neg_
load_col = {'inter': ['user_id', 'item_id', 'rating', 'timestamp'], 'net': ['source_id', 'target_id']}
unload_col = None
unused_col = None
additional_feat_suffix = None
rm_dup_inter = None
val_interval = None
filter_inter_by_user_or_item = True
user_inter_num_interval = [0,inf)
item_inter_num_interval = [0,inf)
alias_of_user_id = None
alias_of_item_id = None
alias_of_entity_id = None
alias_of_relation_id = None
preload_weight = None
normalize_field = None
normalize_all = None
ITEM_LIST_LENGTH_FIELD = item_length
LIST_SUFFIX = _list
MAX_ITEM_LIST_LENGTH = 50
POSITION_FIELD = position_id
HEAD_ENTITY_ID_FIELD = head_id
TAIL_ENTITY_ID_FIELD = tail_id
RELATION_ID_FIELD = relation_id
ENTITY_ID_FIELD = entity_id
benchmark_filename = None

Other Hyper Parameters: 
worker = 0
wandb_project = recbole
shuffle = True
require_pow = False
enable_amp = False
enable_scaler = False
transform = None
numerical_features = []
discretization = None
kg_reverse_r = False
entity_kg_num_interval = [0,inf)
relation_kg_num_interval = [0,inf)
MODEL_TYPE = ModelType.SOCIAL
embedding_size = 64
n_layers = 2
ssl_reg = 1e-05
reg_weight = 1e-05
NET_SOURCE_ID_FIELD = source_id
NET_TARGET_ID_FIELD = target_id
filter_net_by_inter = True
undirected_net = True
MODEL_INPUT_TYPE = InputType.PAIRWISE
eval_type = EvaluatorType.RANKING
single_spec = True
local_rank = 0
device = cpu
eval_neg_sample_args = {'distribution': 'uniform', 'sample_num': 'none'}


Sat 25 Nov 2023 12:31:24 INFO  yelp1
The number of users: 17236
Average actions of users: 12.065274151436032
The number of items: 37379
Average actions of items: 5.563299266948472
The number of inters: 207945
The sparsity of the dataset: 99.96772365727512%
Remain Fields: ['user_id', 'item_id', 'source_id', 'target_id']
The number of social network relations: 287504
Sat 25 Nov 2023 12:31:25 INFO  [Training]: train_batch_size = [2048] train_neg_sample_args: [{'distribution': 'uniform', 'sample_num': 1, 'alpha': 1.0, 'dynamic': False, 'candidate_num': 0}]
Sat 25 Nov 2023 12:31:25 INFO  [Evaluation]: eval_batch_size = [4096] eval_args: [{'split': {'RS': [0.8, 0.1, 0.1]}, 'group_by': 'user', 'order': 'RO', 'mode': 'full'}]
Sat 25 Nov 2023 12:31:26 INFO  MHCN(
  (user_embedding): Embedding(17236, 64)
  (item_embedding): Embedding(37379, 64)
  (bipartite_gcn_conv): BipartiteGCNConv(64)
  (mf_loss): BPRLoss()
  (reg_loss): EmbLoss()
  (gating_c1): GatingLayer(
    (linear): Linear(in_features=64, out_features=64, bias=True)
    (activation): Sigmoid()
  )
  (gating_c2): GatingLayer(
    (linear): Linear(in_features=64, out_features=64, bias=True)
    (activation): Sigmoid()
  )
  (gating_c3): GatingLayer(
    (linear): Linear(in_features=64, out_features=64, bias=True)
    (activation): Sigmoid()
  )
  (gating_simple): GatingLayer(
    (linear): Linear(in_features=64, out_features=64, bias=True)
    (activation): Sigmoid()
  )
  (ss_gating_c1): GatingLayer(
    (linear): Linear(in_features=64, out_features=64, bias=True)
    (activation): Sigmoid()
  )
  (ss_gating_c2): GatingLayer(
    (linear): Linear(in_features=64, out_features=64, bias=True)
    (activation): Sigmoid()
  )
  (ss_gating_c3): GatingLayer(
    (linear): Linear(in_features=64, out_features=64, bias=True)
    (activation): Sigmoid()
  )
  (attention_layer): AttLayer()
)
Trainable parameters: 3528640
Sat 25 Nov 2023 12:32:06 INFO  epoch 0 training [time: 40.36s, train loss: 63.2677]
Sat 25 Nov 2023 12:32:21 INFO  epoch 0 evaluating [time: 14.32s, valid_score: 0.007400]
Sat 25 Nov 2023 12:32:21 INFO  valid result: 
recall@10 : 0.0189    mrr@10 : 0.0074    ndcg@10 : 0.0094    hit@10 : 0.023    precision@10 : 0.0023
Sat 25 Nov 2023 12:32:21 INFO  Saving current: saved/MHCN-Nov-25-2023_12-31-26.pth
Sat 25 Nov 2023 12:33:02 INFO  epoch 1 training [time: 40.80s, train loss: 49.5396]
Sat 25 Nov 2023 12:33:17 INFO  epoch 1 evaluating [time: 15.69s, valid_score: 0.008800]
Sat 25 Nov 2023 12:33:17 INFO  valid result: 
recall@10 : 0.0222    mrr@10 : 0.0088    ndcg@10 : 0.0111    hit@10 : 0.0269    precision@10 : 0.0027
Sat 25 Nov 2023 12:33:17 INFO  Saving current: saved/MHCN-Nov-25-2023_12-31-26.pth
